06.11. 19:30:20.781    ***Logfile for Mental Omega client***
06.11. 19:30:20.782    Client version: 2.6.10.3
06.11. 19:30:20.782    Loading settings.
06.11. 19:30:20.793    Initializing updater.
06.11. 19:30:20.795    Update mirror count: 1
06.11. 19:30:20.796    Running from: clientdx.exe
06.11. 19:30:20.797    Operating system: Microsoft Windows NT 6.2.9200.0
06.11. 19:30:20.797    Selected OS profile: WIN810
06.11. 19:30:20.800    Removing partial custom component downloads.
06.11. 19:30:20.800    Checking for the existence of FinalSun.ini.
06.11. 19:30:20.801    FinalSun settings file exists.
06.11. 19:30:20.803    Writing installation path to the Windows registry.
06.11. 19:30:20.805    Starting background processing of INI files.
06.11. 19:30:20.806    /INI/Base does not exist, skipping background processing of INI files.
06.11. 19:30:21.034    Initializing GameClass.
06.11. 19:30:21.137    InitGraphicsMode: 1920x1080
06.11. 19:30:21.220    Checking local file versions.
06.11. 19:30:21.220    Loading maps.
06.11. 19:30:21.841    Map MapsMO\Standard\[1-4人塔防]岩之城1.5.2 doesn't exist!
06.11. 19:30:21.842    Map MapsMO\Standard\[3~4人防守图] 喧哗下饭之塔最终版 doesn't exist!
06.11. 19:30:21.842    Map MapsMO\Standard\[5人防守图]贾森の防守 1.3 doesn't exist!
06.11. 19:30:21.842    Map MapsMO\Standard\[防守图]保护自由女神 doesn't exist!
06.11. 19:30:21.842    Map MapsMO\Standard\[七人防守图]拦截梭鱼挑战（口袋阵） 困难版 doesn't exist!
06.11. 19:30:21.857    Hardware info: 11th Gen Intel(R) Core(TM) i7-11800H @ 2.30GHz (8 cores) | Video controller: NVIDIA GeForce RTX 3070 Laptop GPU | Total physical memory: 16GB
06.11. 19:30:21.888    Invalid ForcedOptions section "NEPTUNEForcedOptions" in map MapsMO\Challenge\c_airforcegeneral
06.11. 19:30:21.892    Invalid ForcedOptions section "nonavallcombatForcedOptions" in map MapsMO\Challenge\悖论挑战困难版135θ
06.11. 19:30:21.900    Map MapsMO\Challenge\gangtie doesn't exist!
06.11. 19:30:22.207    DiscordHandler: Connected Discord RPC client.
06.11. 19:30:22.391    Attempting to parse INI/Battle.ini to populate mission list.
06.11. 19:30:22.391    File INI/Battle.ini not found. Ignoring.
06.11. 19:30:22.391    Attempting to parse INI/BattleClient.ini to populate mission list.
06.11. 19:30:22.398    Finished parsing INI/BattleClient.ini.
06.11. 19:30:22.464    Reading statistics.
06.11. 19:30:23.122    Checkbox 'chkNavalCombat' has forced value in map - saved settings ignored.
06.11. 19:30:23.129    AssetLoader.LoadSound: Sound not found! getready.wav
06.11. 19:30:23.152    AssetLoader.LoadSound: Sound not found! getready.wav
06.11. 19:30:23.287    AssetLoader.LoadSound: Sound not found! getready.wav
06.11. 19:30:23.306    AssetLoader.LoadSound: Sound not found! getready.wav
06.11. 19:30:23.730    CheckForUpdates()
06.11. 19:30:23.732    Checking version on the server.
06.11. 19:30:23.732    Trying to connect to update mirror http://mentalomega.com/game/update/
06.11. 19:30:25.299    Downloaded version information, parsing.
06.11. 19:30:25.306    Server game version is 3.3.6, local version is 3.3.6
06.11. 19:30:25.306    File identifiers updated.
06.11. 19:30:25.307    Checking if custom components are outdated.
06.11. 19:30:33.207    Discord: Pipe Connection Failed. Could not connect to pipe #-1
06.11. 19:30:36.118    Exiting.
06.11. 19:30:36.119    Saving friend and ignore list.
